[2025-02-05 13:33:26] ✅ Database connection successful!
[2025-05-05 16:42:09] ✅ Database connection successful!
[2025-05-05 16:49:18] ✅ Database connection successful!
[2025-05-05 16:54:06] ✅ Database connection successful!
[2025-05-05 16:55:50] ✅ Database connection successful!
[2025-05-05 17:01:48] ✅ Database connection successful!
[2025-05-05 17:12:23] ✅ Database connection successful!
[2025-05-05 17:15:13] ✅ Database connection successful!
[2025-05-05 17:16:30] ✅ Database connection successful!
[2025-05-05 17:21:35] ✅ Database connection successful!
[2025-05-05 17:24:55] ✅ Database connection successful!
[2025-05-05 17:30:17] ✅ Database connection successful!
[2025-05-05 17:33:47] ✅ Database connection successful!
[2025-05-07 16:51:12] ✅ Database connection successful!
[2025-05-07 17:04:03] ✅ Database connection successful!
[2025-05-07 17:05:57] ✅ Database connection successful!
[2025-05-07 17:06:08] ✅ Database connection successful!
[2025-05-07 17:06:18] ✅ Database connection successful!
[2025-05-07 17:06:19] ✅ Database connection successful!
[2025-05-07 17:06:20] ✅ Database connection successful!
[2025-05-07 17:06:20] ✅ Database connection successful!
[2025-05-07 17:06:21] ✅ Database connection successful!
[2025-05-07 17:06:25] ✅ Database connection successful!
[2025-05-07 17:09:33] ✅ Database connection successful!
[2025-05-07 17:09:37] ✅ Database connection successful!
[2025-05-07 17:09:47] ✅ Database connection successful!
[2025-05-07 17:11:14] ✅ Database connection successful.
[2025-05-07 17:11:23] ✅ Database connection successful.
[2025-05-07 17:11:26] ✅ Database connection successful.
[2025-05-07 17:11:27] ✅ Database connection successful.
[2025-05-07 17:11:28] ✅ Database connection successful.
[2025-05-07 17:11:28] ✅ Database connection successful.
[2025-05-07 17:11:29] ✅ Database connection successful.
[2025-05-07 17:11:39] ✅ Database connection successful.
[2025-05-07 17:13:00] ✅ Database connection successful.
[2025-05-07 17:13:00] Received username/email: user2324@use.com
[2025-05-07 17:13:00] Received password: 123456User
[2025-05-07 17:15:36] ✅ Database connection successful.
[2025-05-07 17:15:36] Received email: user2324@use.com
[2025-05-07 17:15:36] Received password: 123456User
[2025-05-07 17:15:54] ✅ Database connection successful.
[2025-05-07 17:15:54] Received email: user2324@use.com
[2025-05-07 17:15:54] Received password: 123456User
[2025-05-07 17:26:11] ✅ Database connection successful.
[2025-05-07 17:26:21] ✅ Database connection successful.
[2025-05-07 17:38:15] ✅ Database connection successful.
[2025-05-07 17:43:41] ✅ Database connection successful.
[2025-05-07 17:44:45] ✅ Database connection successful.
[2025-05-07 17:46:31] ✅ Database connection successful.
[2025-05-07 17:48:48] ✅ Database connection successful.
[2025-05-07 17:48:54] ✅ Database connection successful.
[2025-05-07 17:49:58] ✅ Database connection successful.
[2025-05-07 17:50:02] ✅ Database connection successful.
[2025-05-07 17:51:30] ✅ Database connection successful.
[2025-05-07 17:51:46] ✅ Database connection successful.
